/ligo/home/ligo.org/anuradha.gupta/src/pycbc/lib/python2.7/site-packages/subprocess32.py:472: RuntimeWarning: The _posixsubprocess module is not being used. Child process reliability may suffer if your program uses threads.
  "program uses threads.", RuntimeWarning)
del_lnlike_test2.py:240: RuntimeWarning: overflow encountered in double_scalars
  return (c/np.sqrt(a*b))
Finished loading LIGO data.
PSD calculated
Constructed fiducial waveforms.
Frequency binning done: # of bins = 62
Prepared summary data.
('log-likelihood = ', 382.85886668125187)
('Mc_bf =', 1.197840116561616)
('eta_bf =', 0.21694494584266147)
('chieff_bf =', 0.09314887018978373)
('chia_bf =', -0.1318398730157233)
('Lam_bf =', 306.3117425143913)
('dtcbf =', array([-0.00050801]))
Updated parameters for the fiducial waveform
UPDATED fiducial waveforms.
Setting up sampler for binning algorithm.
Running MCMC for binning algorithm...
Done.
Saving data in file.
Loading the saved data.
Calculating overlap.
(4194305, 4194305, 4194305)
((3.680444440755414e+97+2.0448526711111664e+97j), (6.803514541395067e-17-7.088706940754102e-18j), 2.3773491639221327e-34)
(4194305, 4194305, 4194305)
((2.8498560396041137e-16-7.577248940680331e-17j), (6.803514541395067e-17-7.088706940754102e-18j), 2.3773491639221327e-34)
(4194305, 4194305, 4194305)
((2.8498560396041137e-16-7.577248940680331e-17j), (6.803514541395067e-17-7.088706940754102e-18j), 2.3773491639221327e-34)
(4194305, 4194305, 4194305)
((1.0931474082514004e+97-4.0657346055557744e+97j), (6.803514541395067e-17-7.088706940754102e-18j), 2.3773491639221327e-34)
(4194305, 4194305, 4194305)
((1.0931474082514004e+97-4.0657346055557744e+97j), (6.803514541395067e-17-7.088706940754102e-18j), 2.3773491639221327e-34)
(4194305, 4194305, 4194305)
((1.0931474082514004e+97-4.0657346055557744e+97j), (6.803514541395067e-17-7.088706940754102e-18j), 2.3773491639221327e-34)
(4194305, 4194305, 4194305)
((1.0931474082514004e+97-4.0657346055557744e+97j), (6.803514541395067e-17-7.088706940754102e-18j), 2.3773491639221327e-34)
(4194305, 4194305, 4194305)
((1.0931474082514004e+97-4.0657346055557744e+97j), (6.803514541395067e-17-7.088706940754102e-18j), 2.3773491639221327e-34)
(4194305, 4194305, 4194305)
((1.0931474082514004e+97-4.0657346055557744e+97j), (6.803514541395067e-17-7.088706940754102e-18j), 2.3773491639221327e-34)
(4194305, 4194305, 4194305)
((1.0931474082514004e+97-4.0657346055557744e+97j), (6.803514541395067e-17-7.088706940754102e-18j), 2.3773491639221327e-34)
(4194305, 4194305, 4194305)
((1.0931474082514004e+97-4.0657346055557744e+97j), (6.803514541395067e-17-7.088706940754102e-18j), 2.3773491639221327e-34)
(4194305, 4194305, 4194305)
((1.0931474082514004e+97-4.0657346055557744e+97j), (6.803514541395067e-17-7.088706940754102e-18j), 2.3773491639221327e-34)
(4194305, 4194305, 4194305)
((1.0931474082514004e+97-4.0657346055557744e+97j), (6.803514541395067e-17-7.088706940754102e-18j), 2.3773491639221327e-34)
(4194305, 4194305, 4194305)
((1.0931474082514004e+97-4.0657346055557744e+97j), (6.803514541395067e-17-7.088706940754102e-18j), 2.3773491639221327e-34)
(4194305, 4194305, 4194305)
((1.007324009249327e-16+1.0226213864239241e-17j), (6.803514541395067e-17-7.088706940754102e-18j), 2.3773491639221327e-34)
(4194305, 4194305, 4194305)
((1.007324009249327e-16+1.0226213864239241e-17j), (6.803514541395067e-17-7.088706940754102e-18j), 2.3773491639221327e-34)
(4194305, 4194305, 4194305)
((5.985033700086543e-16+2.828833059447606e-16j), (6.803514541395067e-17-7.088706940754102e-18j), 2.3773491639221327e-34)
(4194305, 4194305, 4194305)
((5.985033700086543e-16+2.828833059447606e-16j), (6.803514541395067e-17-7.088706940754102e-18j), 2.3773491639221327e-34)
(4194305, 4194305, 4194305)
((5.985033700086543e-16+2.828833059447606e-16j), (6.803514541395067e-17-7.088706940754102e-18j), 2.3773491639221327e-34)
(4194305, 4194305, 4194305)
((5.985033700086543e-16+2.828833059447606e-16j), (6.803514541395067e-17-7.088706940754102e-18j), 2.3773491639221327e-34)
(4194305, 4194305, 4194305)
((5.985033700086543e-16+2.828833059447606e-16j), (6.803514541395067e-17-7.088706940754102e-18j), 2.3773491639221327e-34)
(4194305, 4194305, 4194305)
((5.985033700086543e-16+2.828833059447606e-16j), (6.803514541395067e-17-7.088706940754102e-18j), 2.3773491639221327e-34)
(4194305, 4194305, 4194305)
((5.985033700086543e-16+2.828833059447606e-16j), (6.803514541395067e-17-7.088706940754102e-18j), 2.3773491639221327e-34)
(4194305, 4194305, 4194305)
((5.985033700086543e-16+2.828833059447606e-16j), (6.803514541395067e-17-7.088706940754102e-18j), 2.3773491639221327e-34)
(4194305, 4194305, 4194305)
((5.985033700086543e-16+2.828833059447606e-16j), (6.803514541395067e-17-7.088706940754102e-18j), 2.3773491639221327e-34)
(4194305, 4194305, 4194305)
((5.985033700086543e-16+2.828833059447606e-16j), (6.803514541395067e-17-7.088706940754102e-18j), 2.3773491639221327e-34)
(4194305, 4194305, 4194305)
((5.985033700086543e-16+2.828833059447606e-16j), (6.803514541395067e-17-7.088706940754102e-18j), 2.3773491639221327e-34)
(4194305, 4194305, 4194305)
((1.2679616529052178e-16-3.432590086652109e-17j), (6.803514541395067e-17-7.088706940754102e-18j), 2.3773491639221327e-34)
(4194305, 4194305, 4194305)
((3.8862232560647035e+97-1.6196152276337619e+97j), (6.803514541395067e-17-7.088706940754102e-18j), 2.3773491639221327e-34)
(4194305, 4194305, 4194305)
((3.8862232560647035e+97-1.6196152276337619e+97j), (6.803514541395067e-17-7.088706940754102e-18j), 2.3773491639221327e-34)
(4194305, 4194305, 4194305)
((3.8862232560647035e+97-1.6196152276337619e+97j), (6.803514541395067e-17-7.088706940754102e-18j), 2.3773491639221327e-34)
(4194305, 4194305, 4194305)
((3.8862232560647035e+97-1.6196152276337619e+97j), (6.803514541395067e-17-7.088706940754102e-18j), 2.3773491639221327e-34)
(4194305, 4194305, 4194305)
((3.8862232560647035e+97-1.6196152276337619e+97j), (6.803514541395067e-17-7.088706940754102e-18j), 2.3773491639221327e-34)
(4194305, 4194305, 4194305)
((3.886053919791321e+97+1.6201433273309946e+97j), (6.803514541395067e-17-7.088706940754102e-18j), 2.3773491639221327e-34)
(4194305, 4194305, 4194305)
((6.250174662583892e-16+2.181996683007936e-16j), (6.803514541395067e-17-7.088706940754102e-18j), 2.3773491639221327e-34)
(4194305, 4194305, 4194305)
((6.250174662583892e-16+2.181996683007936e-16j), (6.803514541395067e-17-7.088706940754102e-18j), 2.3773491639221327e-34)
(4194305, 4194305, 4194305)
((6.250174662583892e-16+2.181996683007936e-16j), (6.803514541395067e-17-7.088706940754102e-18j), 2.3773491639221327e-34)
(4194305, 4194305, 4194305)
((3.100136452643192e+97-2.848690691625574e+97j), (6.803514541395067e-17-7.088706940754102e-18j), 2.3773491639221327e-34)
(4194305, 4194305, 4194305)
((3.100136452643192e+97-2.848690691625574e+97j), (6.803514541395067e-17-7.088706940754102e-18j), 2.3773491639221327e-34)
(4194305, 4194305, 4194305)
((3.100136452643192e+97-2.848690691625574e+97j), (6.803514541395067e-17-7.088706940754102e-18j), 2.3773491639221327e-34)
(4194305, 4194305, 4194305)
((6.341326388543161e-17+7.898137593287799e-17j), (6.803514541395067e-17-7.088706940754102e-18j), 2.3773491639221327e-34)
(4194305, 4194305, 4194305)
((2.32386067308632e+97+3.512565606592058e+97j), (6.803514541395067e-17-7.088706940754102e-18j), 2.3773491639221327e-34)
(4194305, 4194305, 4194305)
((1.4081572023089788e+97+3.969334063214971e+97j), (6.803514541395067e-17-7.088706940754102e-18j), 2.3773491639221327e-34)
(4194305, 4194305, 4194305)
((3.360855896079641e+97-2.538310298438376e+97j), (6.803514541395067e-17-7.088706940754102e-18j), 2.3773491639221327e-34)
(4194305, 4194305, 4194305)
((3.360855896079641e+97-2.538310298438376e+97j), (6.803514541395067e-17-7.088706940754102e-18j), 2.3773491639221327e-34)
(4194305, 4194305, 4194305)
((1.301913373904065e-16+1.7846098972506664e-17j), (6.803514541395067e-17-7.088706940754102e-18j), 2.3773491639221327e-34)
(4194305, 4194305, 4194305)
((1.301913373904065e-16+1.7846098972506664e-17j), (6.803514541395067e-17-7.088706940754102e-18j), 2.3773491639221327e-34)
(4194305, 4194305, 4194305)
((1.666101221692125e-16-6.409514055101623e-16j), (6.803514541395067e-17-7.088706940754102e-18j), 2.3773491639221327e-34)
(4194305, 4194305, 4194305)
((1.666101221692125e-16-6.409514055101623e-16j), (6.803514541395067e-17-7.088706940754102e-18j), 2.3773491639221327e-34)
(4194305, 4194305, 4194305)
((1.666101221692125e-16-6.409514055101623e-16j), (6.803514541395067e-17-7.088706940754102e-18j), 2.3773491639221327e-34)
(4194305, 4194305, 4194305)
((2.0354788965317043e-16-2.1353393640258788e-16j), (6.803514541395067e-17-7.088706940754102e-18j), 2.3773491639221327e-34)
(4194305, 4194305, 4194305)
((2.0354788965317043e-16-2.1353393640258788e-16j), (6.803514541395067e-17-7.088706940754102e-18j), 2.3773491639221327e-34)
(4194305, 4194305, 4194305)
((1.2280846584906085e-16+1.367567189261065e-16j), (6.803514541395067e-17-7.088706940754102e-18j), 2.3773491639221327e-34)
(4194305, 4194305, 4194305)
((1.2280846584906085e-16+1.367567189261065e-16j), (6.803514541395067e-17-7.088706940754102e-18j), 2.3773491639221327e-34)
(4194305, 4194305, 4194305)
((1.2280846584906085e-16+1.367567189261065e-16j), (6.803514541395067e-17-7.088706940754102e-18j), 2.3773491639221327e-34)
(4194305, 4194305, 4194305)
((1.2280846584906085e-16+1.367567189261065e-16j), (6.803514541395067e-17-7.088706940754102e-18j), 2.3773491639221327e-34)
(4194305, 4194305, 4194305)
((1.2280846584906085e-16+1.367567189261065e-16j), (6.803514541395067e-17-7.088706940754102e-18j), 2.3773491639221327e-34)
(4194305, 4194305, 4194305)
((1.2280846584906085e-16+1.367567189261065e-16j), (6.803514541395067e-17-7.088706940754102e-18j), 2.3773491639221327e-34)
(4194305, 4194305, 4194305)
((2.962836896237748e-17+1.5030053006076782e-17j), (6.803514541395067e-17-7.088706940754102e-18j), 2.3773491639221327e-34)
(4194305, 4194305, 4194305)
((2.962836896237748e-17+1.5030053006076782e-17j), (6.803514541395067e-17-7.088706940754102e-18j), 2.3773491639221327e-34)
(4194305, 4194305, 4194305)
((2.962836896237748e-17+1.5030053006076782e-17j), (6.803514541395067e-17-7.088706940754102e-18j), 2.3773491639221327e-34)
(4194305, 4194305, 4194305)
((1.3546717910329524e+96-4.2095095684319395e+97j), (6.803514541395067e-17-7.088706940754102e-18j), 2.3773491639221327e-34)
(4194305, 4194305, 4194305)
((1.3546717910329524e+96-4.2095095684319395e+97j), (6.803514541395067e-17-7.088706940754102e-18j), 2.3773491639221327e-34)
(4194305, 4194305, 4194305)
((4.211540457699779e+97-3.126733549480344e+95j), (6.803514541395067e-17-7.088706940754102e-18j), 2.3773491639221327e-34)
(4194305, 4194305, 4194305)
((1.9621752530738388e-16+2.202684910442027e-16j), (6.803514541395067e-17-7.088706940754102e-18j), 2.3773491639221327e-34)
(4194305, 4194305, 4194305)
((1.9621752530738388e-16+2.202684910442027e-16j), (6.803514541395067e-17-7.088706940754102e-18j), 2.3773491639221327e-34)
(4194305, 4194305, 4194305)
((1.9621752530738388e-16+2.202684910442027e-16j), (6.803514541395067e-17-7.088706940754102e-18j), 2.3773491639221327e-34)
(4194305, 4194305, 4194305)
((1.9621752530738388e-16+2.202684910442027e-16j), (6.803514541395067e-17-7.088706940754102e-18j), 2.3773491639221327e-34)
(4194305, 4194305, 4194305)
((1.9621752530738388e-16+2.202684910442027e-16j), (6.803514541395067e-17-7.088706940754102e-18j), 2.3773491639221327e-34)
(4194305, 4194305, 4194305)
((2.72828513736995e+97+3.208486789472534e+97j), (6.803514541395067e-17-7.088706940754102e-18j), 2.3773491639221327e-34)
(4194305, 4194305, 4194305)
((3.403911004883454e+97+2.4801052899106243e+97j), (6.803514541395067e-17-7.088706940754102e-18j), 2.3773491639221327e-34)
(4194305, 4194305, 4194305)
((1.532849807229096e-16+2.520448929804916e-16j), (6.803514541395067e-17-7.088706940754102e-18j), 2.3773491639221327e-34)
(4194305, 4194305, 4194305)
((1.532849807229096e-16+2.520448929804916e-16j), (6.803514541395067e-17-7.088706940754102e-18j), 2.3773491639221327e-34)
(4194305, 4194305, 4194305)
((1.532849807229096e-16+2.520448929804916e-16j), (6.803514541395067e-17-7.088706940754102e-18j), 2.3773491639221327e-34)
(4194305, 4194305, 4194305)
((1.532849807229096e-16+2.520448929804916e-16j), (6.803514541395067e-17-7.088706940754102e-18j), 2.3773491639221327e-34)
(4194305, 4194305, 4194305)
((1.532849807229096e-16+2.520448929804916e-16j), (6.803514541395067e-17-7.088706940754102e-18j), 2.3773491639221327e-34)
(4194305, 4194305, 4194305)
((1.532849807229096e-16+2.520448929804916e-16j), (6.803514541395067e-17-7.088706940754102e-18j), 2.3773491639221327e-34)
(4194305, 4194305, 4194305)
((1.532849807229096e-16+2.520448929804916e-16j), (6.803514541395067e-17-7.088706940754102e-18j), 2.3773491639221327e-34)
(4194305, 4194305, 4194305)
((1.532849807229096e-16+2.520448929804916e-16j), (6.803514541395067e-17-7.088706940754102e-18j), 2.3773491639221327e-34)
(4194305, 4194305, 4194305)
((1.532849807229096e-16+2.520448929804916e-16j), (6.803514541395067e-17-7.088706940754102e-18j), 2.3773491639221327e-34)
(4194305, 4194305, 4194305)
((3.9104874106185825e-16-5.342219608679979e-16j), (6.803514541395067e-17-7.088706940754102e-18j), 2.3773491639221327e-34)
(4194305, 4194305, 4194305)
((1.858512739026237e+97+3.777916622576986e+97j), (6.803514541395067e-17-7.088706940754102e-18j), 2.3773491639221327e-34)
(4194305, 4194305, 4194305)
((3.759650681205522e+95+4.210164228758451e+97j), (6.803514541395067e-17-7.088706940754102e-18j), 2.3773491639221327e-34)
(4194305, 4194305, 4194305)
((3.759650681205522e+95+4.210164228758451e+97j), (6.803514541395067e-17-7.088706940754102e-18j), 2.3773491639221327e-34)
(4194305, 4194305, 4194305)
((3.4273556168142075e+97-2.4454657080364873e+97j), (6.803514541395067e-17-7.088706940754102e-18j), 2.3773491639221327e-34)
(4194305, 4194305, 4194305)
((3.4273556168142075e+97-2.4454657080364873e+97j), (6.803514541395067e-17-7.088706940754102e-18j), 2.3773491639221327e-34)
(4194305, 4194305, 4194305)
((2.3556110664995296e+97+3.4895213308949595e+97j), (6.803514541395067e-17-7.088706940754102e-18j), 2.3773491639221327e-34)
(4194305, 4194305, 4194305)
((4.392519073221698e-17+1.0243868905749925e-17j), (6.803514541395067e-17-7.088706940754102e-18j), 2.3773491639221327e-34)
(4194305, 4194305, 4194305)
((4.392519073221698e-17+1.0243868905749925e-17j), (6.803514541395067e-17-7.088706940754102e-18j), 2.3773491639221327e-34)
(4194305, 4194305, 4194305)
((5.187829111946701e-16-4.112640119608824e-16j), (6.803514541395067e-17-7.088706940754102e-18j), 2.3773491639221327e-34)
(4194305, 4194305, 4194305)
((5.187829111946701e-16-4.112640119608824e-16j), (6.803514541395067e-17-7.088706940754102e-18j), 2.3773491639221327e-34)
(4194305, 4194305, 4194305)
((5.530844192691647e-16-3.638288354138122e-16j), (6.803514541395067e-17-7.088706940754102e-18j), 2.3773491639221327e-34)
(4194305, 4194305, 4194305)
((4.761464611123162e-16+4.59987217919972e-16j), (6.803514541395067e-17-7.088706940754102e-18j), 2.3773491639221327e-34)
(4194305, 4194305, 4194305)
((4.761464611123162e-16+4.59987217919972e-16j), (6.803514541395067e-17-7.088706940754102e-18j), 2.3773491639221327e-34)
(4194305, 4194305, 4194305)
((1.2631541656509366e-16+3.611809236690794e-17j), (6.803514541395067e-17-7.088706940754102e-18j), 2.3773491639221327e-34)
(4194305, 4194305, 4194305)
((7.389585804359638e-17-3.522292787197076e-17j), (6.803514541395067e-17-7.088706940754102e-18j), 2.3773491639221327e-34)
(4194305, 4194305, 4194305)
((7.389585804359638e-17-3.522292787197076e-17j), (6.803514541395067e-17-7.088706940754102e-18j), 2.3773491639221327e-34)
(4194305, 4194305, 4194305)
((7.389585804359638e-17-3.522292787197076e-17j), (6.803514541395067e-17-7.088706940754102e-18j), 2.3773491639221327e-34)
(4194305, 4194305, 4194305)
((6.854772484933747e+96+4.154352636537116e+97j), (6.803514541395067e-17-7.088706940754102e-18j), 2.3773491639221327e-34)
(4194305, 4194305, 4194305)
((6.854772484933747e+96+4.154352636537116e+97j), (6.803514541395067e-17-7.088706940754102e-18j), 2.3773491639221327e-34)
(4194305, 4194305, 4194305)
((6.854772484933747e+96+4.154352636537116e+97j), (6.803514541395067e-17-7.088706940754102e-18j), 2.3773491639221327e-34)
(4194305, 4194305, 4194305)
((6.854772484933747e+96+4.154352636537116e+97j), (6.803514541395067e-17-7.088706940754102e-18j), 2.3773491639221327e-34)
(4194305, 4194305, 4194305)
((6.854772484933747e+96+4.154352636537116e+97j), (6.803514541395067e-17-7.088706940754102e-18j), 2.3773491639221327e-34)
(4194305, 4194305, 4194305)
((6.854772484933747e+96+4.154352636537116e+97j), (6.803514541395067e-17-7.088706940754102e-18j), 2.3773491639221327e-34)
(4194305, 4194305, 4194305)
((6.854772484933747e+96+4.154352636537116e+97j), (6.803514541395067e-17-7.088706940754102e-18j), 2.3773491639221327e-34)
(4194305, 4194305, 4194305)
((6.854772484933747e+96+4.154352636537116e+97j), (6.803514541395067e-17-7.088706940754102e-18j), 2.3773491639221327e-34)
(4194305, 4194305, 4194305)
((5.875298388150452e-16-3.050852655925576e-16j), (6.803514541395067e-17-7.088706940754102e-18j), 2.3773491639221327e-34)
(4194305, 4194305, 4194305)
((5.875298388150452e-16-3.050852655925576e-16j), (6.803514541395067e-17-7.088706940754102e-18j), 2.3773491639221327e-34)
(4194305, 4194305, 4194305)
((3.646601156901999e+97+2.104383858886549e+97j), (6.803514541395067e-17-7.088706940754102e-18j), 2.3773491639221327e-34)
(4194305, 4194305, 4194305)
((3.646601156901999e+97+2.104383858886549e+97j), (6.803514541395067e-17-7.088706940754102e-18j), 2.3773491639221327e-34)
(4194305, 4194305, 4194305)
((3.646601156901999e+97+2.104383858886549e+97j), (6.803514541395067e-17-7.088706940754102e-18j), 2.3773491639221327e-34)
(4194305, 4194305, 4194305)
((3.646601156901999e+97+2.104383858886549e+97j), (6.803514541395067e-17-7.088706940754102e-18j), 2.3773491639221327e-34)
(4194305, 4194305, 4194305)
((3.646601156901999e+97+2.104383858886549e+97j), (6.803514541395067e-17-7.088706940754102e-18j), 2.3773491639221327e-34)
(4194305, 4194305, 4194305)
((3.646601156901999e+97+2.104383858886549e+97j), (6.803514541395067e-17-7.088706940754102e-18j), 2.3773491639221327e-34)
(4194305, 4194305, 4194305)
((3.646601156901999e+97+2.104383858886549e+97j), (6.803514541395067e-17-7.088706940754102e-18j), 2.3773491639221327e-34)
(4194305, 4194305, 4194305)
((3.646601156901999e+97+2.104383858886549e+97j), (6.803514541395067e-17-7.088706940754102e-18j), 2.3773491639221327e-34)
(4194305, 4194305, 4194305)
((3.646601156901999e+97+2.104383858886549e+97j), (6.803514541395067e-17-7.088706940754102e-18j), 2.3773491639221327e-34)
(4194305, 4194305, 4194305)
((3.646601156901999e+97+2.104383858886549e+97j), (6.803514541395067e-17-7.088706940754102e-18j), 2.3773491639221327e-34)
(4194305, 4194305, 4194305)
((3.646601156901999e+97+2.104383858886549e+97j), (6.803514541395067e-17-7.088706940754102e-18j), 2.3773491639221327e-34)
(4194305, 4194305, 4194305)
((3.646601156901999e+97+2.104383858886549e+97j), (6.803514541395067e-17-7.088706940754102e-18j), 2.3773491639221327e-34)
(4194305, 4194305, 4194305)
((2.3425629536897794e+97+3.500244023281951e+97j), (6.803514541395067e-17-7.088706940754102e-18j), 2.3773491639221327e-34)
(4194305, 4194305, 4194305)
((1.6403672963072846e-16+8.294992332741135e-17j), (6.803514541395067e-17-7.088706940754102e-18j), 2.3773491639221327e-34)
(4194305, 4194305, 4194305)
((1.6403672963072846e-16+8.294992332741135e-17j), (6.803514541395067e-17-7.088706940754102e-18j), 2.3773491639221327e-34)
(4194305, 4194305, 4194305)
((1.6403672963072846e-16+8.294992332741135e-17j), (6.803514541395067e-17-7.088706940754102e-18j), 2.3773491639221327e-34)
(4194305, 4194305, 4194305)
((1.6403672963072846e-16+8.294992332741135e-17j), (6.803514541395067e-17-7.088706940754102e-18j), 2.3773491639221327e-34)
(4194305, 4194305, 4194305)
((1.15121348662461e-16-2.716089919498602e-16j), (6.803514541395067e-17-7.088706940754102e-18j), 2.3773491639221327e-34)
(4194305, 4194305, 4194305)
((1.15121348662461e-16-2.716089919498602e-16j), (6.803514541395067e-17-7.088706940754102e-18j), 2.3773491639221327e-34)
(4194305, 4194305, 4194305)
((1.15121348662461e-16-2.716089919498602e-16j), (6.803514541395067e-17-7.088706940754102e-18j), 2.3773491639221327e-34)
(4194305, 4194305, 4194305)
((2.870629875761515e-16+6.797724703241072e-17j), (6.803514541395067e-17-7.088706940754102e-18j), 2.3773491639221327e-34)
(4194305, 4194305, 4194305)
((2.870629875761515e-16+6.797724703241072e-17j), (6.803514541395067e-17-7.088706940754102e-18j), 2.3773491639221327e-34)
(4194305, 4194305, 4194305)
((2.888837576272869e-16+5.977429359455405e-17j), (6.803514541395067e-17-7.088706940754102e-18j), 2.3773491639221327e-34)
(4194305, 4194305, 4194305)
((3.7895139335707475e+97+1.8381565540488147e+97j), (6.803514541395067e-17-7.088706940754102e-18j), 2.3773491639221327e-34)
(4194305, 4194305, 4194305)
((3.7895139335707475e+97+1.8381565540488147e+97j), (6.803514541395067e-17-7.088706940754102e-18j), 2.3773491639221327e-34)
(4194305, 4194305, 4194305)
((3.7895139335707475e+97+1.8381565540488147e+97j), (6.803514541395067e-17-7.088706940754102e-18j), 2.3773491639221327e-34)
(4194305, 4194305, 4194305)
((2.684757705901056e-16-1.2226117536763176e-16j), (6.803514541395067e-17-7.088706940754102e-18j), 2.3773491639221327e-34)
(4194305, 4194305, 4194305)
((2.684757705901056e-16-1.2226117536763176e-16j), (6.803514541395067e-17-7.088706940754102e-18j), 2.3773491639221327e-34)
(4194305, 4194305, 4194305)
((2.684757705901056e-16-1.2226117536763176e-16j), (6.803514541395067e-17-7.088706940754102e-18j), 2.3773491639221327e-34)
(4194305, 4194305, 4194305)
((2.684757705901056e-16-1.2226117536763176e-16j), (6.803514541395067e-17-7.088706940754102e-18j), 2.3773491639221327e-34)
(4194305, 4194305, 4194305)
((2.684757705901056e-16-1.2226117536763176e-16j), (6.803514541395067e-17-7.088706940754102e-18j), 2.3773491639221327e-34)
(4194305, 4194305, 4194305)
((2.684757705901056e-16-1.2226117536763176e-16j), (6.803514541395067e-17-7.088706940754102e-18j), 2.3773491639221327e-34)
(4194305, 4194305, 4194305)
((1.8097330044646937e-16-2.3297223518988825e-16j), (6.803514541395067e-17-7.088706940754102e-18j), 2.3773491639221327e-34)
(4194305, 4194305, 4194305)
((1.8097330044646937e-16-2.3297223518988825e-16j), (6.803514541395067e-17-7.088706940754102e-18j), 2.3773491639221327e-34)
(4194305, 4194305, 4194305)
((5.084874824251155e-16+4.24296216190871e-16j), (6.803514541395067e-17-7.088706940754102e-18j), 2.3773491639221327e-34)
(4194305, 4194305, 4194305)
((3.9068927179147475e+97+1.572532307311929e+97j), (6.803514541395067e-17-7.088706940754102e-18j), 2.3773491639221327e-34)
(4194305, 4194305, 4194305)
((3.9068927179147475e+97+1.572532307311929e+97j), (6.803514541395067e-17-7.088706940754102e-18j), 2.3773491639221327e-34)
(4194305, 4194305, 4194305)
((3.9068927179147475e+97+1.572532307311929e+97j), (6.803514541395067e-17-7.088706940754102e-18j), 2.3773491639221327e-34)
(4194305, 4194305, 4194305)
((6.406861427502876e-16+1.674105883163629e-16j), (6.803514541395067e-17-7.088706940754102e-18j), 2.3773491639221327e-34)
(4194305, 4194305, 4194305)
((6.406861427502876e-16+1.674105883163629e-16j), (6.803514541395067e-17-7.088706940754102e-18j), 2.3773491639221327e-34)
(4194305, 4194305, 4194305)
((6.406861427502876e-16+1.674105883163629e-16j), (6.803514541395067e-17-7.088706940754102e-18j), 2.3773491639221327e-34)
(4194305, 4194305, 4194305)
((6.406861427502876e-16+1.674105883163629e-16j), (6.803514541395067e-17-7.088706940754102e-18j), 2.3773491639221327e-34)
(4194305, 4194305, 4194305)
((5.821689188529602e-17-1.1781198423178592e-16j), (6.803514541395067e-17-7.088706940754102e-18j), 2.3773491639221327e-34)
(4194305, 4194305, 4194305)
((5.821689188529602e-17-1.1781198423178592e-16j), (6.803514541395067e-17-7.088706940754102e-18j), 2.3773491639221327e-34)
(4194305, 4194305, 4194305)
((5.821689188529602e-17-1.1781198423178592e-16j), (6.803514541395067e-17-7.088706940754102e-18j), 2.3773491639221327e-34)
(4194305, 4194305, 4194305)
((5.821689188529602e-17-1.1781198423178592e-16j), (6.803514541395067e-17-7.088706940754102e-18j), 2.3773491639221327e-34)
(4194305, 4194305, 4194305)
((5.821689188529602e-17-1.1781198423178592e-16j), (6.803514541395067e-17-7.088706940754102e-18j), 2.3773491639221327e-34)
(4194305, 4194305, 4194305)
((5.821689188529602e-17-1.1781198423178592e-16j), (6.803514541395067e-17-7.088706940754102e-18j), 2.3773491639221327e-34)
(4194305, 4194305, 4194305)
((5.821689188529602e-17-1.1781198423178592e-16j), (6.803514541395067e-17-7.088706940754102e-18j), 2.3773491639221327e-34)
(4194305, 4194305, 4194305)
((5.821689188529602e-17-1.1781198423178592e-16j), (6.803514541395067e-17-7.088706940754102e-18j), 2.3773491639221327e-34)
(4194305, 4194305, 4194305)
((5.821689188529602e-17-1.1781198423178592e-16j), (6.803514541395067e-17-7.088706940754102e-18j), 2.3773491639221327e-34)
(4194305, 4194305, 4194305)
((5.821689188529602e-17-1.1781198423178592e-16j), (6.803514541395067e-17-7.088706940754102e-18j), 2.3773491639221327e-34)
(4194305, 4194305, 4194305)
((4.075225956682975e+97-1.057366209028977e+97j), (6.803514541395067e-17-7.088706940754102e-18j), 2.3773491639221327e-34)
(4194305, 4194305, 4194305)
((4.075225956682975e+97-1.057366209028977e+97j), (6.803514541395067e-17-7.088706940754102e-18j), 2.3773491639221327e-34)
(4194305, 4194305, 4194305)
((4.075225956682975e+97-1.057366209028977e+97j), (6.803514541395067e-17-7.088706940754102e-18j), 2.3773491639221327e-34)
(4194305, 4194305, 4194305)
((4.075225956682975e+97-1.057366209028977e+97j), (6.803514541395067e-17-7.088706940754102e-18j), 2.3773491639221327e-34)
(4194305, 4194305, 4194305)
((4.075225956682975e+97-1.057366209028977e+97j), (6.803514541395067e-17-7.088706940754102e-18j), 2.3773491639221327e-34)
(4194305, 4194305, 4194305)
((4.075225956682975e+97-1.057366209028977e+97j), (6.803514541395067e-17-7.088706940754102e-18j), 2.3773491639221327e-34)
(4194305, 4194305, 4194305)
((4.075225956682975e+97-1.057366209028977e+97j), (6.803514541395067e-17-7.088706940754102e-18j), 2.3773491639221327e-34)
(4194305, 4194305, 4194305)
((4.075225956682975e+97-1.057366209028977e+97j), (6.803514541395067e-17-7.088706940754102e-18j), 2.3773491639221327e-34)
(4194305, 4194305, 4194305)
((2.7817242892642616e+97+3.160234235444598e+97j), (6.803514541395067e-17-7.088706940754102e-18j), 2.3773491639221327e-34)
(4194305, 4194305, 4194305)
((4.130461118438501e+97-8.177584244590328e+96j), (6.803514541395067e-17-7.088706940754102e-18j), 2.3773491639221327e-34)
(4194305, 4194305, 4194305)
((3.469915384117477e+97+2.385555942254766e+97j), (6.803514541395067e-17-7.088706940754102e-18j), 2.3773491639221327e-34)
(4194305, 4194305, 4194305)
((4.658654402841242e-16-4.704804032253045e-16j), (6.803514541395067e-17-7.088706940754102e-18j), 2.3773491639221327e-34)
(4194305, 4194305, 4194305)
((4.658654402841242e-16-4.704804032253045e-16j), (6.803514541395067e-17-7.088706940754102e-18j), 2.3773491639221327e-34)
(4194305, 4194305, 4194305)
((4.805922687089099e-16+4.553784662617445e-16j), (6.803514541395067e-17-7.088706940754102e-18j), 2.3773491639221327e-34)
(4194305, 4194305, 4194305)
((4.805922687089099e-16+4.553784662617445e-16j), (6.803514541395067e-17-7.088706940754102e-18j), 2.3773491639221327e-34)
(4194305, 4194305, 4194305)
((3.8430284940852005e+97-1.720680858877917e+97j), (6.803514541395067e-17-7.088706940754102e-18j), 2.3773491639221327e-34)
(4194305, 4194305, 4194305)
((4.497543750017322e-17+5.1516851003572453e-17j), (6.803514541395067e-17-7.088706940754102e-18j), 2.3773491639221327e-34)
(4194305, 4194305, 4194305)
((2.6832723834680048e+97-3.244719413339029e+97j), (6.803514541395067e-17-7.088706940754102e-18j), 2.3773491639221327e-34)
(4194305, 4194305, 4194305)
((2.6832723834680048e+97-3.244719413339029e+97j), (6.803514541395067e-17-7.088706940754102e-18j), 2.3773491639221327e-34)
(4194305, 4194305, 4194305)
((1.044386854635113e-16+1.5119215724802195e-16j), (6.803514541395067e-17-7.088706940754102e-18j), 2.3773491639221327e-34)
(4194305, 4194305, 4194305)
((3.0750496745005377e-16+5.862873096155084e-16j), (6.803514541395067e-17-7.088706940754102e-18j), 2.3773491639221327e-34)
(4194305, 4194305, 4194305)
((3.0750496745005377e-16+5.862873096155084e-16j), (6.803514541395067e-17-7.088706940754102e-18j), 2.3773491639221327e-34)
(4194305, 4194305, 4194305)
((2.451635372900558e+97-3.422955897454286e+97j), (6.803514541395067e-17-7.088706940754102e-18j), 2.3773491639221327e-34)
(4194305, 4194305, 4194305)
((2.451635372900558e+97-3.422955897454286e+97j), (6.803514541395067e-17-7.088706940754102e-18j), 2.3773491639221327e-34)
(4194305, 4194305, 4194305)
((8.909309770004721e+96-4.115136376687809e+97j), (6.803514541395067e-17-7.088706940754102e-18j), 2.3773491639221327e-34)
(4194305, 4194305, 4194305)
((3.610103340311225e+97-2.1666212406213587e+97j), (6.803514541395067e-17-7.088706940754102e-18j), 2.3773491639221327e-34)
(4194305, 4194305, 4194305)
((3.610103340311225e+97-2.1666212406213587e+97j), (6.803514541395067e-17-7.088706940754102e-18j), 2.3773491639221327e-34)
(4194305, 4194305, 4194305)
((3.610103340311225e+97-2.1666212406213587e+97j), (6.803514541395067e-17-7.088706940754102e-18j), 2.3773491639221327e-34)
(4194305, 4194305, 4194305)
((3.868432617999496e+97+1.6622166995597554e+97j), (6.803514541395067e-17-7.088706940754102e-18j), 2.3773491639221327e-34)
(4194305, 4194305, 4194305)
((3.868432617999496e+97+1.6622166995597554e+97j), (6.803514541395067e-17-7.088706940754102e-18j), 2.3773491639221327e-34)
(4194305, 4194305, 4194305)
((2.325185965726781e+97+3.510138569293225e+97j), (6.803514541395067e-17-7.088706940754102e-18j), 2.3773491639221327e-34)
(4194305, 4194305, 4194305)
((6.205718379548161e-16+2.3061251590042966e-16j), (6.803514541395067e-17-7.088706940754102e-18j), 2.3773491639221327e-34)
(4194305, 4194305, 4194305)
((1.0372819199940043e+97-4.080641303070952e+97j), (6.803514541395067e-17-7.088706940754102e-18j), 2.3773491639221327e-34)
(4194305, 4194305, 4194305)
((1.0372819199940043e+97-4.080641303070952e+97j), (6.803514541395067e-17-7.088706940754102e-18j), 2.3773491639221327e-34)
(4194305, 4194305, 4194305)
((2.803203400343012e-16+9.160261920066207e-17j), (6.803514541395067e-17-7.088706940754102e-18j), 2.3773491639221327e-34)
(4194305, 4194305, 4194305)
((4.9718179777984065e+96+4.181242761225149e+97j), (6.803514541395067e-17-7.088706940754102e-18j), 2.3773491639221327e-34)
(4194305, 4194305, 4194305)
((6.677853038007234e-17-7.613438169007053e-17j), (6.803514541395067e-17-7.088706940754102e-18j), 2.3773491639221327e-34)
(4194305, 4194305, 4194305)
((6.677853038007234e-17-7.613438169007053e-17j), (6.803514541395067e-17-7.088706940754102e-18j), 2.3773491639221327e-34)
(4194305, 4194305, 4194305)
((6.677853038007234e-17-7.613438169007053e-17j), (6.803514541395067e-17-7.088706940754102e-18j), 2.3773491639221327e-34)
(4194305, 4194305, 4194305)
((3.64068365041907e+97-2.116086405451835e+97j), (6.803514541395067e-17-7.088706940754102e-18j), 2.3773491639221327e-34)
(4194305, 4194305, 4194305)
((5.684740728675669e+96-4.172008895362858e+97j), (6.803514541395067e-17-7.088706940754102e-18j), 2.3773491639221327e-34)
(4194305, 4194305, 4194305)
((1.53895309797503e-16+1.0042102486825659e-16j), (6.803514541395067e-17-7.088706940754102e-18j), 2.3773491639221327e-34)
(4194305, 4194305, 4194305)
((2.886766713666961e-16-6.034063603944647e-17j), (6.803514541395067e-17-7.088706940754102e-18j), 2.3773491639221327e-34)
(4194305, 4194305, 4194305)
((3.663479922511239e+97+2.075740401698501e+97j), (6.803514541395067e-17-7.088706940754102e-18j), 2.3773491639221327e-34)
(4194305, 4194305, 4194305)
((3.564226264196344e+97+2.2421824984031117e+97j), (6.803514541395067e-17-7.088706940754102e-18j), 2.3773491639221327e-34)
(4194305, 4194305, 4194305)
((3.564226264196344e+97+2.2421824984031117e+97j), (6.803514541395067e-17-7.088706940754102e-18j), 2.3773491639221327e-34)
(4194305, 4194305, 4194305)
((2.308702082511444e-16-1.8353028440242714e-16j), (6.803514541395067e-17-7.088706940754102e-18j), 2.3773491639221327e-34)
(4194305, 4194305, 4194305)
((6.621416277395893e-17+7.661799523533967e-17j), (6.803514541395067e-17-7.088706940754102e-18j), 2.3773491639221327e-34)
(4194305, 4194305, 4194305)
((1.9531202848843602e+97+3.730255808470222e+97j), (6.803514541395067e-17-7.088706940754102e-18j), 2.3773491639221327e-34)
(4194305, 4194305, 4194305)
((4.294013097836786e+96-4.18870208293878e+97j), (6.803514541395067e-17-7.088706940754102e-18j), 2.3773491639221327e-34)
(4194305, 4194305, 4194305)
((2.4937523859561843e+97-3.392794780743716e+97j), (6.803514541395067e-17-7.088706940754102e-18j), 2.3773491639221327e-34)
(4194305, 4194305, 4194305)
((4.202582208245397e+97-2.618772013967772e+96j), (6.803514541395067e-17-7.088706940754102e-18j), 2.3773491639221327e-34)
(4194305, 4194305, 4194305)
((7.75373240745246e-17+1.665961504061583e-16j), (6.803514541395067e-17-7.088706940754102e-18j), 2.3773491639221327e-34)
(4194305, 4194305, 4194305)
((5.805046339918662e+96+4.170183313826976e+97j), (6.803514541395067e-17-7.088706940754102e-18j), 2.3773491639221327e-34)
(4194305, 4194305, 4194305)
((5.805046339918662e+96+4.170183313826976e+97j), (6.803514541395067e-17-7.088706940754102e-18j), 2.3773491639221327e-34)
(4194305, 4194305, 4194305)
((5.805046339918662e+96+4.170183313826976e+97j), (6.803514541395067e-17-7.088706940754102e-18j), 2.3773491639221327e-34)
(4194305, 4194305, 4194305)
((5.805046339918662e+96+4.170183313826976e+97j), (6.803514541395067e-17-7.088706940754102e-18j), 2.3773491639221327e-34)
(4194305, 4194305, 4194305)
((5.805046339918662e+96+4.170183313826976e+97j), (6.803514541395067e-17-7.088706940754102e-18j), 2.3773491639221327e-34)
(4194305, 4194305, 4194305)
((1.8530870045488674e-16-2.2940878239144124e-16j), (6.803514541395067e-17-7.088706940754102e-18j), 2.3773491639221327e-34)
(4194305, 4194305, 4194305)
((1.8530870045488674e-16-2.2940878239144124e-16j), (6.803514541395067e-17-7.088706940754102e-18j), 2.3773491639221327e-34)
(4194305, 4194305, 4194305)
((5.1608611354192495e-17+8.711674606064573e-17j), (6.803514541395067e-17-7.088706940754102e-18j), 2.3773491639221327e-34)
(4194305, 4194305, 4194305)
((5.1608611354192495e-17+8.711674606064573e-17j), (6.803514541395067e-17-7.088706940754102e-18j), 2.3773491639221327e-34)
(4194305, 4194305, 4194305)
((5.1608611354192495e-17+8.711674606064573e-17j), (6.803514541395067e-17-7.088706940754102e-18j), 2.3773491639221327e-34)
(4194305, 4194305, 4194305)
((1.0995001492353846e-16-7.188691993595322e-17j), (6.803514541395067e-17-7.088706940754102e-18j), 2.3773491639221327e-34)
(4194305, 4194305, 4194305)
((1.0995001492353846e-16-7.188691993595322e-17j), (6.803514541395067e-17-7.088706940754102e-18j), 2.3773491639221327e-34)
(4194305, 4194305, 4194305)
((3.4273556168142075e+97-2.4454657080364873e+97j), (6.803514541395067e-17-7.088706940754102e-18j), 2.3773491639221327e-34)
(4194305, 4194305, 4194305)
((3.4273556168142075e+97-2.4454657080364873e+97j), (6.803514541395067e-17-7.088706940754102e-18j), 2.3773491639221327e-34)
(4194305, 4194305, 4194305)
((3.4273556168142075e+97-2.4454657080364873e+97j), (6.803514541395067e-17-7.088706940754102e-18j), 2.3773491639221327e-34)
(4194305, 4194305, 4194305)
((3.4273556168142075e+97-2.4454657080364873e+97j), (6.803514541395067e-17-7.088706940754102e-18j), 2.3773491639221327e-34)
(4194305, 4194305, 4194305)
((1.8616126945575587e+97-3.776406381289253e+97j), (6.803514541395067e-17-7.088706940754102e-18j), 2.3773491639221327e-34)
(4194305, 4194305, 4194305)
((1.8616126945575587e+97-3.776406381289253e+97j), (6.803514541395067e-17-7.088706940754102e-18j), 2.3773491639221327e-34)
(4194305, 4194305, 4194305)
((4.021974751871999e+97-1.2469698067347761e+97j), (6.803514541395067e-17-7.088706940754102e-18j), 2.3773491639221327e-34)
(4194305, 4194305, 4194305)
((1.2838448044134382e+97+4.010310083721667e+97j), (6.803514541395067e-17-7.088706940754102e-18j), 2.3773491639221327e-34)
(4194305, 4194305, 4194305)
((3.757961193146616e+97-1.9002931110447743e+97j), (6.803514541395067e-17-7.088706940754102e-18j), 2.3773491639221327e-34)
(4194305, 4194305, 4194305)
((2.3610330986158076e+97-3.4869980968712105e+97j), (6.803514541395067e-17-7.088706940754102e-18j), 2.3773491639221327e-34)
(4194305, 4194305, 4194305)
((1.9685254358728212e-16-2.196873732792348e-16j), (6.803514541395067e-17-7.088706940754102e-18j), 2.3773491639221327e-34)
(4194305, 4194305, 4194305)
((1.9685254358728212e-16-2.196873732792348e-16j), (6.803514541395067e-17-7.088706940754102e-18j), 2.3773491639221327e-34)
(4194305, 4194305, 4194305)
((1.9685254358728212e-16-2.196873732792348e-16j), (6.803514541395067e-17-7.088706940754102e-18j), 2.3773491639221327e-34)
(4194305, 4194305, 4194305)
((1.9685254358728212e-16-2.196873732792348e-16j), (6.803514541395067e-17-7.088706940754102e-18j), 2.3773491639221327e-34)
(4194305, 4194305, 4194305)
((1.9685254358728212e-16-2.196873732792348e-16j), (6.803514541395067e-17-7.088706940754102e-18j), 2.3773491639221327e-34)
(4194305, 4194305, 4194305)
((4.778153943301603e-16+4.581921082839511e-16j), (6.803514541395067e-17-7.088706940754102e-18j), 2.3773491639221327e-34)
(4194305, 4194305, 4194305)
((4.86974217863489e+96+4.181915832582179e+97j), (6.803514541395067e-17-7.088706940754102e-18j), 2.3773491639221327e-34)
(4194305, 4194305, 4194305)
((1.821434347632559e-16+2.4221917653294726e-17j), (6.803514541395067e-17-7.088706940754102e-18j), 2.3773491639221327e-34)
(4194305, 4194305, 4194305)
((1.821434347632559e-16+2.4221917653294726e-17j), (6.803514541395067e-17-7.088706940754102e-18j), 2.3773491639221327e-34)
(4194305, 4194305, 4194305)
((1.821434347632559e-16+2.4221917653294726e-17j), (6.803514541395067e-17-7.088706940754102e-18j), 2.3773491639221327e-34)
(4194305, 4194305, 4194305)
((1.821434347632559e-16+2.4221917653294726e-17j), (6.803514541395067e-17-7.088706940754102e-18j), 2.3773491639221327e-34)
(4194305, 4194305, 4194305)
((1.821434347632559e-16+2.4221917653294726e-17j), (6.803514541395067e-17-7.088706940754102e-18j), 2.3773491639221327e-34)
(4194305, 4194305, 4194305)
((8.91444797005644e+96-4.114710286979984e+97j), (6.803514541395067e-17-7.088706940754102e-18j), 2.3773491639221327e-34)
(4194305, 4194305, 4194305)
((8.91444797005644e+96-4.114710286979984e+97j), (6.803514541395067e-17-7.088706940754102e-18j), 2.3773491639221327e-34)
(4194305, 4194305, 4194305)
((8.91444797005644e+96-4.114710286979984e+97j), (6.803514541395067e-17-7.088706940754102e-18j), 2.3773491639221327e-34)
(4194305, 4194305, 4194305)
((8.91444797005644e+96-4.114710286979984e+97j), (6.803514541395067e-17-7.088706940754102e-18j), 2.3773491639221327e-34)
(4194305, 4194305, 4194305)
((8.91444797005644e+96-4.114710286979984e+97j), (6.803514541395067e-17-7.088706940754102e-18j), 2.3773491639221327e-34)
(4194305, 4194305, 4194305)
((8.91444797005644e+96-4.114710286979984e+97j), (6.803514541395067e-17-7.088706940754102e-18j), 2.3773491639221327e-34)
(4194305, 4194305, 4194305)
((5.347482707414695e+96+4.176111144884182e+97j), (6.803514541395067e-17-7.088706940754102e-18j), 2.3773491639221327e-34)
(4194305, 4194305, 4194305)
((5.347482707414695e+96+4.176111144884182e+97j), (6.803514541395067e-17-7.088706940754102e-18j), 2.3773491639221327e-34)
(4194305, 4194305, 4194305)
((3.784604383507545e+97+1.8446820145994876e+97j), (6.803514541395067e-17-7.088706940754102e-18j), 2.3773491639221327e-34)
(4194305, 4194305, 4194305)
((3.784604383507545e+97+1.8446820145994876e+97j), (6.803514541395067e-17-7.088706940754102e-18j), 2.3773491639221327e-34)
(4194305, 4194305, 4194305)
((3.784604383507545e+97+1.8446820145994876e+97j), (6.803514541395067e-17-7.088706940754102e-18j), 2.3773491639221327e-34)
(4194305, 4194305, 4194305)
((3.784604383507545e+97+1.8446820145994876e+97j), (6.803514541395067e-17-7.088706940754102e-18j), 2.3773491639221327e-34)
(4194305, 4194305, 4194305)
((3.784604383507545e+97+1.8446820145994876e+97j), (6.803514541395067e-17-7.088706940754102e-18j), 2.3773491639221327e-34)
(4194305, 4194305, 4194305)
((3.784604383507545e+97+1.8446820145994876e+97j), (6.803514541395067e-17-7.088706940754102e-18j), 2.3773491639221327e-34)
(4194305, 4194305, 4194305)
((3.784604383507545e+97+1.8446820145994876e+97j), (6.803514541395067e-17-7.088706940754102e-18j), 2.3773491639221327e-34)
(4194305, 4194305, 4194305)
((3.784604383507545e+97+1.8446820145994876e+97j), (6.803514541395067e-17-7.088706940754102e-18j), 2.3773491639221327e-34)
(4194305, 4194305, 4194305)
((1.9046487728964463e+97-3.75496696427607e+97j), (6.803514541395067e-17-7.088706940754102e-18j), 2.3773491639221327e-34)
(4194305, 4194305, 4194305)
((3.861099881135179e+97-1.6791278268049092e+97j), (6.803514541395067e-17-7.088706940754102e-18j), 2.3773491639221327e-34)
(4194305, 4194305, 4194305)
((3.861099881135179e+97-1.6791278268049092e+97j), (6.803514541395067e-17-7.088706940754102e-18j), 2.3773491639221327e-34)
(4194305, 4194305, 4194305)
((3.861099881135179e+97-1.6791278268049092e+97j), (6.803514541395067e-17-7.088706940754102e-18j), 2.3773491639221327e-34)
(4194305, 4194305, 4194305)
((3.84904092082733e+97+1.7065313184834874e+97j), (6.803514541395067e-17-7.088706940754102e-18j), 2.3773491639221327e-34)
(4194305, 4194305, 4194305)
((3.84904092082733e+97+1.7065313184834874e+97j), (6.803514541395067e-17-7.088706940754102e-18j), 2.3773491639221327e-34)
(4194305, 4194305, 4194305)
((5.805046339918662e+96+4.170183313826976e+97j), (6.803514541395067e-17-7.088706940754102e-18j), 2.3773491639221327e-34)
(4194305, 4194305, 4194305)
((5.805046339918662e+96+4.170183313826976e+97j), (6.803514541395067e-17-7.088706940754102e-18j), 2.3773491639221327e-34)
(4194305, 4194305, 4194305)
((6.619264675337227e-16+1.2410226112856199e-17j), (6.803514541395067e-17-7.088706940754102e-18j), 2.3773491639221327e-34)
(4194305, 4194305, 4194305)
((9.249740500045976e-17+9.326843272147654e-17j), (6.803514541395067e-17-7.088706940754102e-18j), 2.3773491639221327e-34)
(4194305, 4194305, 4194305)
((9.249740500045976e-17+9.326843272147654e-17j), (6.803514541395067e-17-7.088706940754102e-18j), 2.3773491639221327e-34)
(4194305, 4194305, 4194305)
((9.249740500045976e-17+9.326843272147654e-17j), (6.803514541395067e-17-7.088706940754102e-18j), 2.3773491639221327e-34)
(4194305, 4194305, 4194305)
((9.249740500045976e-17+9.326843272147654e-17j), (6.803514541395067e-17-7.088706940754102e-18j), 2.3773491639221327e-34)
(4194305, 4194305, 4194305)
((9.249740500045976e-17+9.326843272147654e-17j), (6.803514541395067e-17-7.088706940754102e-18j), 2.3773491639221327e-34)
(4194305, 4194305, 4194305)
((9.249740500045976e-17+9.326843272147654e-17j), (6.803514541395067e-17-7.088706940754102e-18j), 2.3773491639221327e-34)
(4194305, 4194305, 4194305)
((9.249740500045976e-17+9.326843272147654e-17j), (6.803514541395067e-17-7.088706940754102e-18j), 2.3773491639221327e-34)
(4194305, 4194305, 4194305)
((9.249740500045976e-17+9.326843272147654e-17j), (6.803514541395067e-17-7.088706940754102e-18j), 2.3773491639221327e-34)
(4194305, 4194305, 4194305)
((6.039079912655626e-16+2.7141017655453623e-16j), (6.803514541395067e-17-7.088706940754102e-18j), 2.3773491639221327e-34)
(4194305, 4194305, 4194305)
((5.185670236625371e-16-4.1164883015570296e-16j), (6.803514541395067e-17-7.088706940754102e-18j), 2.3773491639221327e-34)
(4194305, 4194305, 4194305)
((1.4713478728424033e+97-3.9446833383384605e+97j), (6.803514541395067e-17-7.088706940754102e-18j), 2.3773491639221327e-34)
(4194305, 4194305, 4194305)
((1.4713478728424033e+97-3.9446833383384605e+97j), (6.803514541395067e-17-7.088706940754102e-18j), 2.3773491639221327e-34)
(4194305, 4194305, 4194305)
((1.4713478728424033e+97-3.9446833383384605e+97j), (6.803514541395067e-17-7.088706940754102e-18j), 2.3773491639221327e-34)
(4194305, 4194305, 4194305)
((1.4713478728424033e+97-3.9446833383384605e+97j), (6.803514541395067e-17-7.088706940754102e-18j), 2.3773491639221327e-34)
(4194305, 4194305, 4194305)
((1.4713478728424033e+97-3.9446833383384605e+97j), (6.803514541395067e-17-7.088706940754102e-18j), 2.3773491639221327e-34)
(4194305, 4194305, 4194305)
((1.4713478728424033e+97-3.9446833383384605e+97j), (6.803514541395067e-17-7.088706940754102e-18j), 2.3773491639221327e-34)
(4194305, 4194305, 4194305)
((1.4713478728424033e+97-3.9446833383384605e+97j), (6.803514541395067e-17-7.088706940754102e-18j), 2.3773491639221327e-34)
(4194305, 4194305, 4194305)
((3.210864091660813e+97-2.7231816527302114e+97j), (6.803514541395067e-17-7.088706940754102e-18j), 2.3773491639221327e-34)
(4194305, 4194305, 4194305)
((3.210864091660813e+97-2.7231816527302114e+97j), (6.803514541395067e-17-7.088706940754102e-18j), 2.3773491639221327e-34)
(4194305, 4194305, 4194305)
((3.210864091660813e+97-2.7231816527302114e+97j), (6.803514541395067e-17-7.088706940754102e-18j), 2.3773491639221327e-34)
(4194305, 4194305, 4194305)
((3.210864091660813e+97-2.7231816527302114e+97j), (6.803514541395067e-17-7.088706940754102e-18j), 2.3773491639221327e-34)
(4194305, 4194305, 4194305)
((6.429580552596218e-16+1.5762351370944226e-16j), (6.803514541395067e-17-7.088706940754102e-18j), 2.3773491639221327e-34)
(4194305, 4194305, 4194305)
((6.429580552596218e-16+1.5762351370944226e-16j), (6.803514541395067e-17-7.088706940754102e-18j), 2.3773491639221327e-34)
(4194305, 4194305, 4194305)
((6.429580552596218e-16+1.5762351370944226e-16j), (6.803514541395067e-17-7.088706940754102e-18j), 2.3773491639221327e-34)
(4194305, 4194305, 4194305)
((2.932791794549324e-16-3.077007688105771e-17j), (6.803514541395067e-17-7.088706940754102e-18j), 2.3773491639221327e-34)
(4194305, 4194305, 4194305)
((2.932791794549324e-16-3.077007688105771e-17j), (6.803514541395067e-17-7.088706940754102e-18j), 2.3773491639221327e-34)
(4194305, 4194305, 4194305)
((2.932791794549324e-16-3.077007688105771e-17j), (6.803514541395067e-17-7.088706940754102e-18j), 2.3773491639221327e-34)
(4194305, 4194305, 4194305)
((2.932791794549324e-16-3.077007688105771e-17j), (6.803514541395067e-17-7.088706940754102e-18j), 2.3773491639221327e-34)
(4194305, 4194305, 4194305)
((2.932791794549324e-16-3.077007688105771e-17j), (6.803514541395067e-17-7.088706940754102e-18j), 2.3773491639221327e-34)
(4194305, 4194305, 4194305)
((2.932791794549324e-16-3.077007688105771e-17j), (6.803514541395067e-17-7.088706940754102e-18j), 2.3773491639221327e-34)
(4194305, 4194305, 4194305)
((2.932791794549324e-16-3.077007688105771e-17j), (6.803514541395067e-17-7.088706940754102e-18j), 2.3773491639221327e-34)
(4194305, 4194305, 4194305)
((2.932791794549324e-16-3.077007688105771e-17j), (6.803514541395067e-17-7.088706940754102e-18j), 2.3773491639221327e-34)
(4194305, 4194305, 4194305)
((2.932791794549324e-16-3.077007688105771e-17j), (6.803514541395067e-17-7.088706940754102e-18j), 2.3773491639221327e-34)
(4194305, 4194305, 4194305)
((2.932791794549324e-16-3.077007688105771e-17j), (6.803514541395067e-17-7.088706940754102e-18j), 2.3773491639221327e-34)
(4194305, 4194305, 4194305)
((2.932791794549324e-16-3.077007688105771e-17j), (6.803514541395067e-17-7.088706940754102e-18j), 2.3773491639221327e-34)
(4194305, 4194305, 4194305)
((2.932791794549324e-16-3.077007688105771e-17j), (6.803514541395067e-17-7.088706940754102e-18j), 2.3773491639221327e-34)
(4194305, 4194305, 4194305)
((2.932791794549324e-16-3.077007688105771e-17j), (6.803514541395067e-17-7.088706940754102e-18j), 2.3773491639221327e-34)
(4194305, 4194305, 4194305)
((3.4080973966321355e+97-2.471944594141311e+97j), (6.803514541395067e-17-7.088706940754102e-18j), 2.3773491639221327e-34)
(4194305, 4194305, 4194305)
((3.4080973966321355e+97-2.471944594141311e+97j), (6.803514541395067e-17-7.088706940754102e-18j), 2.3773491639221327e-34)
(4194305, 4194305, 4194305)
((3.4080973966321355e+97-2.471944594141311e+97j), (6.803514541395067e-17-7.088706940754102e-18j), 2.3773491639221327e-34)
(4194305, 4194305, 4194305)
((3.865912966577514e+97+1.6674174205978236e+97j), (6.803514541395067e-17-7.088706940754102e-18j), 2.3773491639221327e-34)
(4194305, 4194305, 4194305)
((3.865912966577514e+97+1.6674174205978236e+97j), (6.803514541395067e-17-7.088706940754102e-18j), 2.3773491639221327e-34)
(4194305, 4194305, 4194305)
((3.865912966577514e+97+1.6674174205978236e+97j), (6.803514541395067e-17-7.088706940754102e-18j), 2.3773491639221327e-34)
(4194305, 4194305, 4194305)
((3.865912966577514e+97+1.6674174205978236e+97j), (6.803514541395067e-17-7.088706940754102e-18j), 2.3773491639221327e-34)
(4194305, 4194305, 4194305)
((1.7754090287647754e+97+3.8174719278026184e+97j), (6.803514541395067e-17-7.088706940754102e-18j), 2.3773491639221327e-34)
(4194305, 4194305, 4194305)
((1.7754090287647754e+97+3.8174719278026184e+97j), (6.803514541395067e-17-7.088706940754102e-18j), 2.3773491639221327e-34)
(4194305, 4194305, 4194305)
((1.7754090287647754e+97+3.8174719278026184e+97j), (6.803514541395067e-17-7.088706940754102e-18j), 2.3773491639221327e-34)
(4194305, 4194305, 4194305)
((1.7754090287647754e+97+3.8174719278026184e+97j), (6.803514541395067e-17-7.088706940754102e-18j), 2.3773491639221327e-34)
(4194305, 4194305, 4194305)
((5.85530174174309e-16-3.0930240467981923e-16j), (6.803514541395067e-17-7.088706940754102e-18j), 2.3773491639221327e-34)
(4194305, 4194305, 4194305)
((1.6159256503125507e-16+2.4677823333923614e-16j), (6.803514541395067e-17-7.088706940754102e-18j), 2.3773491639221327e-34)
(4194305, 4194305, 4194305)
((2.1432242659743853e-16-2.0271301221107274e-16j), (6.803514541395067e-17-7.088706940754102e-18j), 2.3773491639221327e-34)
(4194305, 4194305, 4194305)
((2.1432242659743853e-16-2.0271301221107274e-16j), (6.803514541395067e-17-7.088706940754102e-18j), 2.3773491639221327e-34)
(4194305, 4194305, 4194305)
((2.1432242659743853e-16-2.0271301221107274e-16j), (6.803514541395067e-17-7.088706940754102e-18j), 2.3773491639221327e-34)
(4194305, 4194305, 4194305)
((2.1432242659743853e-16-2.0271301221107274e-16j), (6.803514541395067e-17-7.088706940754102e-18j), 2.3773491639221327e-34)
(4194305, 4194305, 4194305)
((2.1432242659743853e-16-2.0271301221107274e-16j), (6.803514541395067e-17-7.088706940754102e-18j), 2.3773491639221327e-34)
(4194305, 4194305, 4194305)
((2.1432242659743853e-16-2.0271301221107274e-16j), (6.803514541395067e-17-7.088706940754102e-18j), 2.3773491639221327e-34)
(4194305, 4194305, 4194305)
((2.1432242659743853e-16-2.0271301221107274e-16j), (6.803514541395067e-17-7.088706940754102e-18j), 2.3773491639221327e-34)
(4194305, 4194305, 4194305)
((2.1432242659743853e-16-2.0271301221107274e-16j), (6.803514541395067e-17-7.088706940754102e-18j), 2.3773491639221327e-34)
(4194305, 4194305, 4194305)
((3.5197492594904596e+97-2.313168521652097e+97j), (6.803514541395067e-17-7.088706940754102e-18j), 2.3773491639221327e-34)
(4194305, 4194305, 4194305)
((4.054282432924143e+97+1.1405349386786598e+97j), (6.803514541395067e-17-7.088706940754102e-18j), 2.3773491639221327e-34)
(4194305, 4194305, 4194305)
((4.211540457699779e+97-3.126733549480344e+95j), (6.803514541395067e-17-7.088706940754102e-18j), 2.3773491639221327e-34)
(4194305, 4194305, 4194305)
((7.971866078902457e-17-2.840140419275961e-16j), (6.803514541395067e-17-7.088706940754102e-18j), 2.3773491639221327e-34)
(4194305, 4194305, 4194305)
((3.664204843041736e+97-2.076416493978205e+97j), (6.803514541395067e-17-7.088706940754102e-18j), 2.3773491639221327e-34)
(4194305, 4194305, 4194305)
((2.922841864955455e-16+3.9925941990478137e-17j), (6.803514541395067e-17-7.088706940754102e-18j), 2.3773491639221327e-34)
(4194305, 4194305, 4194305)
((2.922841864955455e-16+3.9925941990478137e-17j), (6.803514541395067e-17-7.088706940754102e-18j), 2.3773491639221327e-34)
(4194305, 4194305, 4194305)
((2.922841864955455e-16+3.9925941990478137e-17j), (6.803514541395067e-17-7.088706940754102e-18j), 2.3773491639221327e-34)
(4194305, 4194305, 4194305)
((2.922841864955455e-16+3.9925941990478137e-17j), (6.803514541395067e-17-7.088706940754102e-18j), 2.3773491639221327e-34)
(4194305, 4194305, 4194305)
((3.95105833491041e+97+1.4584292720614472e+97j), (6.803514541395067e-17-7.088706940754102e-18j), 2.3773491639221327e-34)
(4194305, 4194305, 4194305)
((3.95105833491041e+97+1.4584292720614472e+97j), (6.803514541395067e-17-7.088706940754102e-18j), 2.3773491639221327e-34)
(4194305, 4194305, 4194305)
((9.497644879819345e-17-3.518953068867019e-17j), (6.803514541395067e-17-7.088706940754102e-18j), 2.3773491639221327e-34)
(4194305, 4194305, 4194305)
((1.23293640801414e-16-1.3633221212246393e-16j), (6.803514541395067e-17-7.088706940754102e-18j), 2.3773491639221327e-34)
(4194305, 4194305, 4194305)
((1.23293640801414e-16-1.3633221212246393e-16j), (6.803514541395067e-17-7.088706940754102e-18j), 2.3773491639221327e-34)
(4194305, 4194305, 4194305)
((1.23293640801414e-16-1.3633221212246393e-16j), (6.803514541395067e-17-7.088706940754102e-18j), 2.3773491639221327e-34)
(4194305, 4194305, 4194305)
((1.4575796882197741e+97-3.951531107870184e+97j), (6.803514541395067e-17-7.088706940754102e-18j), 2.3773491639221327e-34)
(4194305, 4194305, 4194305)
((4.9864734547551875e-17+1.0803824665702337e-17j), (6.803514541395067e-17-7.088706940754102e-18j), 2.3773491639221327e-34)
(4194305, 4194305, 4194305)
((4.9864734547551875e-17+1.0803824665702337e-17j), (6.803514541395067e-17-7.088706940754102e-18j), 2.3773491639221327e-34)
(4194305, 4194305, 4194305)
((4.9864734547551875e-17+1.0803824665702337e-17j), (6.803514541395067e-17-7.088706940754102e-18j), 2.3773491639221327e-34)
(4194305, 4194305, 4194305)
((4.9864734547551875e-17+1.0803824665702337e-17j), (6.803514541395067e-17-7.088706940754102e-18j), 2.3773491639221327e-34)
(4194305, 4194305, 4194305)
((4.9864734547551875e-17+1.0803824665702337e-17j), (6.803514541395067e-17-7.088706940754102e-18j), 2.3773491639221327e-34)
(4194305, 4194305, 4194305)
((4.9864734547551875e-17+1.0803824665702337e-17j), (6.803514541395067e-17-7.088706940754102e-18j), 2.3773491639221327e-34)
(4194305, 4194305, 4194305)
((4.9864734547551875e-17+1.0803824665702337e-17j), (6.803514541395067e-17-7.088706940754102e-18j), 2.3773491639221327e-34)
(4194305, 4194305, 4194305)
((4.9864734547551875e-17+1.0803824665702337e-17j), (6.803514541395067e-17-7.088706940754102e-18j), 2.3773491639221327e-34)
(4194305, 4194305, 4194305)
((4.9864734547551875e-17+1.0803824665702337e-17j), (6.803514541395067e-17-7.088706940754102e-18j), 2.3773491639221327e-34)
(4194305, 4194305, 4194305)
((3.3918617552022826e+97+2.496855436434644e+97j), (6.803514541395067e-17-7.088706940754102e-18j), 2.3773491639221327e-34)
(4194305, 4194305, 4194305)
((3.3918617552022826e+97+2.496855436434644e+97j), (6.803514541395067e-17-7.088706940754102e-18j), 2.3773491639221327e-34)
(4194305, 4194305, 4194305)
((3.3918617552022826e+97+2.496855436434644e+97j), (6.803514541395067e-17-7.088706940754102e-18j), 2.3773491639221327e-34)
(4194305, 4194305, 4194305)
((3.3918617552022826e+97+2.496855436434644e+97j), (6.803514541395067e-17-7.088706940754102e-18j), 2.3773491639221327e-34)
(4194305, 4194305, 4194305)
((3.3918617552022826e+97+2.496855436434644e+97j), (6.803514541395067e-17-7.088706940754102e-18j), 2.3773491639221327e-34)
(4194305, 4194305, 4194305)
((4.153196114788461e+97-7.004581868234699e+96j), (6.803514541395067e-17-7.088706940754102e-18j), 2.3773491639221327e-34)
(4194305, 4194305, 4194305)
((1.964588296958968e-16-2.2007310355717686e-16j), (6.803514541395067e-17-7.088706940754102e-18j), 2.3773491639221327e-34)
(4194305, 4194305, 4194305)
((2.878879933260008e-16-6.440605986260494e-17j), (6.803514541395067e-17-7.088706940754102e-18j), 2.3773491639221327e-34)
(4194305, 4194305, 4194305)
((2.8339219040650925e-16-8.194836738005533e-17j), (6.803514541395067e-17-7.088706940754102e-18j), 2.3773491639221327e-34)
(4194305, 4194305, 4194305)
((2.8339219040650925e-16-8.194836738005533e-17j), (6.803514541395067e-17-7.088706940754102e-18j), 2.3773491639221327e-34)
(4194305, 4194305, 4194305)
((2.8339219040650925e-16-8.194836738005533e-17j), (6.803514541395067e-17-7.088706940754102e-18j), 2.3773491639221327e-34)
(4194305, 4194305, 4194305)
((2.8339219040650925e-16-8.194836738005533e-17j), (6.803514541395067e-17-7.088706940754102e-18j), 2.3773491639221327e-34)
(4194305, 4194305, 4194305)
((2.8339219040650925e-16-8.194836738005533e-17j), (6.803514541395067e-17-7.088706940754102e-18j), 2.3773491639221327e-34)
(4194305, 4194305, 4194305)
((2.8339219040650925e-16-8.194836738005533e-17j), (6.803514541395067e-17-7.088706940754102e-18j), 2.3773491639221327e-34)
(4194305, 4194305, 4194305)
((2.8339219040650925e-16-8.194836738005533e-17j), (6.803514541395067e-17-7.088706940754102e-18j), 2.3773491639221327e-34)
(4194305, 4194305, 4194305)
((2.8339219040650925e-16-8.194836738005533e-17j), (6.803514541395067e-17-7.088706940754102e-18j), 2.3773491639221327e-34)
(4194305, 4194305, 4194305)
((2.8339219040650925e-16-8.194836738005533e-17j), (6.803514541395067e-17-7.088706940754102e-18j), 2.3773491639221327e-34)
(4194305, 4194305, 4194305)
((2.8339219040650925e-16-8.194836738005533e-17j), (6.803514541395067e-17-7.088706940754102e-18j), 2.3773491639221327e-34)
(4194305, 4194305, 4194305)
((2.8339219040650925e-16-8.194836738005533e-17j), (6.803514541395067e-17-7.088706940754102e-18j), 2.3773491639221327e-34)
(4194305, 4194305, 4194305)
((2.8339219040650925e-16-8.194836738005533e-17j), (6.803514541395067e-17-7.088706940754102e-18j), 2.3773491639221327e-34)
(4194305, 4194305, 4194305)
((2.8339219040650925e-16-8.194836738005533e-17j), (6.803514541395067e-17-7.088706940754102e-18j), 2.3773491639221327e-34)
(4194305, 4194305, 4194305)
((2.8339219040650925e-16-8.194836738005533e-17j), (6.803514541395067e-17-7.088706940754102e-18j), 2.3773491639221327e-34)
(4194305, 4194305, 4194305)
((2.8339219040650925e-16-8.194836738005533e-17j), (6.803514541395067e-17-7.088706940754102e-18j), 2.3773491639221327e-34)
(4194305, 4194305, 4194305)
((2.8339219040650925e-16-8.194836738005533e-17j), (6.803514541395067e-17-7.088706940754102e-18j), 2.3773491639221327e-34)
(419
